<?xml version="1.0" encoding="utf-8"?><testsuites name="pytest tests"><testsuite name="pytest" errors="0" failures="0" skipped="1" tests="39" time="13.035" timestamp="2026-08-24T14:21:26.197693+00:00" hostname="agent-env-f19f401a-8621-41d0-abc0-effdf09af51a"><testcase classname="tests.test_core_flows.TestAcceptanceDraftPublishVerify" name="test_01_draft_saves_without_changing_bucket" time="0.952" /><testcase classname="tests.test_core_flows.TestProductsList" name="test_pagination" time="0.957" /><testcase classname="tests.test_core_flows.TestProductsList" name="test_page_size_capped" time="0.166" /><testcase classname="tests.test_core_flows.TestAcceptanceDraftPublishVerify" name="test_02_draft_appears_in_drafts_tab" time="0.098" /><testcase classname="tests.test_core_flows.TestAcceptanceDraftPublishVerify" name="test_03_publish_verifies_and_removes_from_queue" time="0.506" /><testcase classname="tests.test_core_flows.TestProductsList" name="test_bucket_tabs[all]" time="0.197" /><testcase classname="tests.test_core_flows.TestProductsList" name="test_bucket_tabs[missing]" time="0.182" /><testcase classname="tests.test_core_flows.TestProductsList" name="test_bucket_tabs[critical]" time="0.234" /><testcase classname="tests.test_core_flows.TestAcceptanceDraftPublishVerify" name="test_04_audit_record_created" time="0.081" /><testcase classname="tests.test_core_flows.TestAcceptanceDraftPublishVerify" name="test_05_rollback_restores_previous_value" time="0.323" /><testcase classname="tests.test_core_flows.TestProductsList" name="test_bucket_tabs[needs_improvement]" time="0.162" /><testcase classname="tests.test_core_flows.TestProductsList" name="test_bucket_tabs[good]" time="0.135" /><testcase classname="tests.test_core_flows.TestAcceptanceDraftPublishVerify" name="test_06_rollback_without_change_is_404" time="0.315" /><testcase classname="tests.test_core_flows.TestProductsList" name="test_bucket_tabs[optimised]" time="0.243" /><testcase classname="tests.test_core_flows.TestAcceptanceDraftPublishVerify" name="test_07_publish_nonexistent_product" time="0.145" /><testcase classname="tests.test_core_flows.TestProductsList" name="test_bucket_tabs[drafts]" time="0.228" /><testcase classname="tests.test_core_flows.TestSettingsAudit" name="test_get_settings" time="0.146" /><testcase classname="tests.test_core_flows.TestProductsList" name="test_issue_filter" time="0.198" /><testcase classname="tests.test_core_flows.TestSettingsAudit" name="test_update_settings_roundtrip" time="0.432" /><testcase classname="tests.test_core_flows.TestProductsList" name="test_search" time="0.248" /><testcase classname="tests.test_core_flows.TestProductsList" name="test_score_range_filter" time="0.216" /><testcase classname="tests.test_core_flows.TestSettingsAudit" name="test_shopify_test_connection" time="0.193" /><testcase classname="tests.test_core_flows.TestProductsList" name="test_get_product_detail_and_404" time="0.380" /><testcase classname="tests.test_core_flows.TestSettingsAudit" name="test_audit_pagination" time="0.196" /><testcase classname="tests.test_core_flows.TestSettingsAudit" name="test_audit_filter_by_type" time="0.202" /><testcase classname="tests.test_core_flows.TestSeoDetection" name="test_missing_bucket_products_lack_seo" time="0.155" /><testcase classname="tests.test_core_flows.TestDashboardMetrics" name="test_metrics_non_zero_and_consistent" time="0.175" /><testcase classname="tests.test_core_flows.TestSeoDetection" name="test_title_above_range_not_missing" time="0.225" /><testcase classname="tests.test_core_flows.TestDashboardMetrics" name="test_metrics_match_products_endpoint" time="0.234" /><testcase classname="tests.test_core_flows.TestSeoDetection" name="test_duplicates_flagged" time="0.310" /><testcase classname="tests.test_core_flows.TestDashboardMetrics" name="test_metrics_requires_auth" time="0.134" /><testcase classname="tests.test_core_flows.TestCollections" name="test_list_collections" time="0.158" /><testcase classname="tests.test_core_flows.TestSeoDetection" name="test_optimised_products_have_no_issues" time="0.175" /><testcase classname="tests.test_core_flows.TestCollections" name="test_collection_draft_then_publish" time="0.463" /><testcase classname="tests.test_core_flows.TestHealth" name="test_diagnostics" time="0.160" /><testcase classname="tests.test_core_flows.TestHealth" name="test_health_and_ready_direct" time="0.144"><skipped type="pytest.skip" message="/health not routed to backend via ingress (missing /api prefix)">/app/backend/tests/test_core_flows.py:23: /health not routed to backend via ingress (missing /api prefix)</skipped></testcase><testcase classname="tests.test_core_flows.TestCollections" name="test_collection_404" time="0.140" /><testcase classname="tests.test_core_flows.TestAiOptional" name="test_ai_suggest_invalid_field" time="0.342" /><testcase classname="tests.test_core_flows.TestAiOptional" name="test_ai_suggest_optional" time="7.101" /></testsuite></testsuites>