<?xml version="1.0" encoding="utf-8"?><testsuites name="pytest tests"><testsuite name="pytest" errors="0" failures="0" skipped="2" tests="95" time="19.580" timestamp="2026-08-24T14:25:41.829688+00:00" hostname="agent-env-f19f401a-8621-41d0-abc0-effdf09af51a"><testcase classname="tests.test_security_seo_only.TestCollectionSeoOnlyGuard" name="test_collection_draft_denies[price]" time="0.776" /><testcase classname="tests.test_security_seo_only.TestProductSeoOnlyGuard" name="test_draft_denies_non_seo_field[price]" time="1.040" /><testcase classname="tests.test_security_seo_only.TestCollectionSeoOnlyGuard" name="test_collection_draft_denies[inventory]" time="0.185" /><testcase classname="tests.test_security_seo_only.TestProductSeoOnlyGuard" name="test_draft_denies_non_seo_field[inventory]" time="0.179" /><testcase classname="tests.test_security_seo_only.TestCollectionSeoOnlyGuard" name="test_collection_draft_denies[sku]" time="0.355" /><testcase classname="tests.test_security_seo_only.TestProductSeoOnlyGuard" name="test_draft_denies_non_seo_field[sku]" time="0.193" /><testcase classname="tests.test_security_seo_only.TestProductSeoOnlyGuard" name="test_draft_denies_non_seo_field[product_title]" time="0.219" /><testcase classname="tests.test_security_seo_only.TestCollectionSeoOnlyGuard" name="test_collection_draft_denies[product_title]" time="0.258" /><testcase classname="tests.test_security_seo_only.TestProductSeoOnlyGuard" name="test_draft_denies_non_seo_field[title]" time="0.222" /><testcase classname="tests.test_security_seo_only.TestCollectionSeoOnlyGuard" name="test_collection_draft_denies[title]" time="0.238" /><testcase classname="tests.test_security_seo_only.TestProductSeoOnlyGuard" name="test_draft_denies_non_seo_field[barcode]" time="0.186" /><testcase classname="tests.test_security_seo_only.TestCollectionSeoOnlyGuard" name="test_collection_draft_denies[barcode]" time="0.238" /><testcase classname="tests.test_security_seo_only.TestProductSeoOnlyGuard" name="test_draft_denies_non_seo_field[vendor]" time="0.218" /><testcase classname="tests.test_security_seo_only.TestCollectionSeoOnlyGuard" name="test_collection_draft_denies[vendor]" time="0.265" /><testcase classname="tests.test_security_seo_only.TestProductSeoOnlyGuard" name="test_draft_denies_non_seo_field[status]" time="0.231" /><testcase classname="tests.test_security_seo_only.TestProductSeoOnlyGuard" name="test_draft_denies_non_seo_field[variants]" time="0.178" /><testcase classname="tests.test_security_seo_only.TestProductSeoOnlyGuard" name="test_draft_denies_non_seo_field[price_mixed]" time="0.186" /><testcase classname="tests.test_security_seo_only.TestProductSeoOnlyGuard" name="test_publish_denies_non_seo_field[price]" time="0.183" /><testcase classname="tests.test_security_seo_only.TestProductSeoOnlyGuard" name="test_publish_denies_non_seo_field[inventory]" time="0.191" /><testcase classname="tests.test_security_seo_only.TestProductSeoOnlyGuard" name="test_publish_denies_non_seo_field[sku]" time="0.181" /><testcase classname="tests.test_security_seo_only.TestProductSeoOnlyGuard" name="test_publish_denies_non_seo_field[product_title]" time="0.182" /><testcase classname="tests.test_security_seo_only.TestProductSeoOnlyGuard" name="test_publish_denies_non_seo_field[title]" time="0.183" /><testcase classname="tests.test_security_seo_only.TestCollectionSeoOnlyGuard" name="test_collection_draft_denies[status]" time="2.713" /><testcase classname="tests.test_security_seo_only.TestProductSeoOnlyGuard" name="test_publish_denies_non_seo_field[barcode]" time="0.179" /><testcase classname="tests.test_security_seo_only.TestProductSeoOnlyGuard" name="test_publish_denies_non_seo_field[vendor]" time="0.179" /><testcase classname="tests.test_security_seo_only.TestProductSeoOnlyGuard" name="test_publish_denies_non_seo_field[status]" time="0.180" /><testcase classname="tests.test_security_seo_only.TestProductSeoOnlyGuard" name="test_publish_denies_non_seo_field[variants]" time="0.177" /><testcase classname="tests.test_security_seo_only.TestProductSeoOnlyGuard" name="test_publish_denies_non_seo_field[price_mixed]" time="0.200" /><testcase classname="tests.test_core_flows.TestProductsList" name="test_pagination" time="0.573" /><testcase classname="tests.test_security_seo_only.TestCollectionSeoOnlyGuard" name="test_collection_draft_denies[variants]" time="0.231" /><testcase classname="tests.test_core_flows.TestProductsList" name="test_page_size_capped" time="0.198" /><testcase classname="tests.test_security_seo_only.TestCollectionSeoOnlyGuard" name="test_collection_draft_denies[price_mixed]" time="0.238" /><testcase classname="tests.test_core_flows.TestProductsList" name="test_bucket_tabs[all]" time="0.171" /><testcase classname="tests.test_core_flows.TestProductsList" name="test_bucket_tabs[missing]" time="0.150" /><testcase classname="tests.test_security_seo_only.TestCollectionSeoOnlyGuard" name="test_collection_publish_denies[price]" time="0.487" /><testcase classname="tests.test_core_flows.TestProductsList" name="test_bucket_tabs[critical]" time="0.153" /><testcase classname="tests.test_core_flows.TestProductsList" name="test_bucket_tabs[needs_improvement]" time="0.171" /><testcase classname="tests.test_core_flows.TestProductsList" name="test_bucket_tabs[good]" time="0.144" /><testcase classname="tests.test_core_flows.TestProductsList" name="test_bucket_tabs[optimised]" time="0.146" /><testcase classname="tests.test_security_seo_only.TestCollectionSeoOnlyGuard" name="test_collection_publish_denies[inventory]" time="0.494" /><testcase classname="tests.test_core_flows.TestProductsList" name="test_bucket_tabs[drafts]" time="0.144" /><testcase classname="tests.test_core_flows.TestProductsList" name="test_issue_filter" time="0.171" /><testcase classname="tests.test_security_seo_only.TestCollectionSeoOnlyGuard" name="test_collection_publish_denies[sku]" time="0.289" /><testcase classname="tests.test_core_flows.TestProductsList" name="test_search" time="0.226" /><testcase classname="tests.test_core_flows.TestProductsList" name="test_score_range_filter" time="0.128" /><testcase classname="tests.test_security_seo_only.TestCollectionSeoOnlyGuard" name="test_collection_publish_denies[product_title]" time="0.445" /><testcase classname="tests.test_core_flows.TestProductsList" name="test_get_product_detail_and_404" time="0.320" /><testcase classname="tests.test_security_seo_only.TestCollectionSeoOnlyGuard" name="test_collection_publish_denies[title]" time="0.287" /><testcase classname="tests.test_core_flows.TestAcceptanceDraftPublishVerify" name="test_01_draft_saves_without_changing_bucket" time="0.592" /><testcase classname="tests.test_security_seo_only.TestCollectionSeoOnlyGuard" name="test_collection_publish_denies[barcode]" time="0.403" /><testcase classname="tests.test_core_flows.TestAcceptanceDraftPublishVerify" name="test_02_draft_appears_in_drafts_tab" time="0.139" /><testcase classname="tests.test_security_seo_only.TestCollectionSeoOnlyGuard" name="test_collection_publish_denies[vendor]" time="0.354" /><testcase classname="tests.test_core_flows.TestAcceptanceDraftPublishVerify" name="test_03_publish_verifies_and_removes_from_queue" time="0.702" /><testcase classname="tests.test_security_seo_only.TestCollectionSeoOnlyGuard" name="test_collection_publish_denies[status]" time="0.341" /><testcase classname="tests.test_security_seo_only.TestCollectionSeoOnlyGuard" name="test_collection_publish_denies[variants]" time="0.480" /><testcase classname="tests.test_core_flows.TestAcceptanceDraftPublishVerify" name="test_04_audit_record_created" time="0.121" /><testcase classname="tests.test_core_flows.TestAcceptanceDraftPublishVerify" name="test_05_rollback_restores_previous_value" time="0.536" /><testcase classname="tests.test_security_seo_only.TestCollectionSeoOnlyGuard" name="test_collection_publish_denies[price_mixed]" time="0.302" /><testcase classname="tests.test_auth.TestAuth" name="test_login_success" time="0.344" /><testcase classname="tests.test_core_flows.TestAcceptanceDraftPublishVerify" name="test_06_rollback_without_change_is_404" time="0.625" /><testcase classname="tests.test_auth.TestAuth" name="test_login_invalid_password" time="0.376" /><testcase classname="tests.test_auth.TestAuth" name="test_me_with_bearer" time="0.231" /><testcase classname="tests.test_core_flows.TestAcceptanceDraftPublishVerify" name="test_07_publish_nonexistent_product" time="0.182" /><testcase classname="tests.test_auth.TestRBAC" name="test_register_requires_admin" time="0.111" /><testcase classname="tests.test_auth.TestAuth" name="test_me_without_token" time="0.131" /><testcase classname="tests.test_auth.TestRBAC" name="test_register_invalid_role" time="0.134" /><testcase classname="tests.test_auth.TestAuth" name="test_me_invalid_token" time="0.203" /><testcase classname="tests.test_auth.TestRBAC" name="test_viewer_cannot_publish_or_sync_or_edit" time="1.722" /><testcase classname="tests.test_auth.TestAuth" name="test_bcrypt_hash_format" time="1.431" /><testcase classname="tests.test_core_flows.TestSettingsAudit" name="test_get_settings" time="0.154" /><testcase classname="tests.test_auth.TestRBAC" name="test_seo_editor_cannot_sync_or_rollback_or_settings" time="1.078" /><testcase classname="tests.test_core_flows.TestSettingsAudit" name="test_update_settings_roundtrip" time="0.594" /><testcase classname="tests.test_core_flows.TestSettingsAudit" name="test_shopify_test_connection" time="0.280" /><testcase classname="tests.test_core_flows.TestSettingsAudit" name="test_audit_pagination" time="0.168" /><testcase classname="tests.test_core_flows.TestSettingsAudit" name="test_audit_filter_by_type" time="0.164" /><testcase classname="tests.test_auth.TestRBAC" name="test_brute_force_lockout" time="0.801" /><testcase classname="tests.test_core_flows.TestDashboardMetrics" name="test_metrics_non_zero_and_consistent" time="0.126" /><testcase classname="tests.test_core_flows.TestDashboardMetrics" name="test_metrics_match_products_endpoint" time="0.281" /><testcase classname="tests.test_core_flows.TestDashboardMetrics" name="test_metrics_requires_auth" time="0.179" /><testcase classname="tests.test_core_flows.TestCollections" name="test_list_collections" time="0.165" /><testcase classname="tests.test_core_flows.TestSeoDetection" name="test_missing_bucket_products_lack_seo" time="0.184" /><testcase classname="tests.test_core_flows.TestCollections" name="test_collection_draft_then_publish" time="0.387" /><testcase classname="tests.test_core_flows.TestSeoDetection" name="test_title_above_range_not_missing" time="0.143" /><testcase classname="tests.test_core_flows.TestSeoDetection" name="test_duplicates_flagged" time="0.269" /><testcase classname="tests.test_core_flows.TestCollections" name="test_collection_404" time="0.117" /><testcase classname="tests.test_core_flows.TestSyncJobs" name="test_sync_creates_job_and_completes" time="0.000"><skipped type="pytest.skip" message="destructive re-seed; set RUN_DESTRUCTIVE_SYNC=1 to run">/app/backend/tests/test_core_flows.py:304: destructive re-seed; set RUN_DESTRUCTIVE_SYNC=1 to run</skipped></testcase><testcase classname="tests.test_core_flows.TestSyncJobs" name="test_jobs_list_and_404" time="0.212" /><testcase classname="tests.test_core_flows.TestSeoDetection" name="test_optimised_products_have_no_issues" time="0.142" /><testcase classname="tests.test_core_flows.TestHealth" name="test_diagnostics" time="0.144" /><testcase classname="tests.test_core_flows.TestSyncJobs" name="test_sync_status" time="0.151" /><testcase classname="tests.test_core_flows.TestHealth" name="test_health_and_ready_direct" time="0.134"><skipped type="pytest.skip" message="/health not routed to backend via ingress (missing /api prefix)">/app/backend/tests/test_core_flows.py:24: /health not routed to backend via ingress (missing /api prefix)</skipped></testcase><testcase classname="tests.test_core_flows.TestAiOptional" name="test_ai_suggest_invalid_field" time="0.240" /><testcase classname="tests.test_security_seo_only.TestAllowlistUnit" name="test_assert_seo_only" time="0.001" /><testcase classname="tests.test_security_seo_only.TestAllowlistUnit" name="test_shopify_mutation_only_touches_seo" time="0.000" /><testcase classname="tests.test_core_flows.TestAiOptional" name="test_ai_suggest_optional" time="3.450" /></testsuite></testsuites>