<?xml version="1.0" encoding="utf-8"?><testsuites name="pytest tests"><testsuite name="pytest" errors="0" failures="1" skipped="0" tests="53" time="14.381" timestamp="2026-08-24T14:20:28.218087+00:00" hostname="agent-env-f19f401a-8621-41d0-abc0-effdf09af51a"><testcase classname="tests.test_security_seo_only.TestProductSeoOnlyGuard" name="test_draft_denies_non_seo_field[price]" time="1.222" /><testcase classname="tests.test_security_seo_only.TestCollectionSeoOnlyGuard" name="test_collection_draft_denies[price]" time="1.074" /><testcase classname="tests.test_security_seo_only.TestProductSeoOnlyGuard" name="test_draft_denies_non_seo_field[inventory]" time="0.296" /><testcase classname="tests.test_security_seo_only.TestCollectionSeoOnlyGuard" name="test_collection_draft_denies[inventory]" time="0.253" /><testcase classname="tests.test_security_seo_only.TestProductSeoOnlyGuard" name="test_draft_denies_non_seo_field[sku]" time="0.312" /><testcase classname="tests.test_security_seo_only.TestCollectionSeoOnlyGuard" name="test_collection_draft_denies[sku]" time="0.356" /><testcase classname="tests.test_security_seo_only.TestProductSeoOnlyGuard" name="test_draft_denies_non_seo_field[product_title]" time="0.278" /><testcase classname="tests.test_security_seo_only.TestCollectionSeoOnlyGuard" name="test_collection_draft_denies[product_title]" time="0.264" /><testcase classname="tests.test_security_seo_only.TestProductSeoOnlyGuard" name="test_draft_denies_non_seo_field[title]" time="0.316" /><testcase classname="tests.test_security_seo_only.TestCollectionSeoOnlyGuard" name="test_collection_draft_denies[title]" time="0.299" /><testcase classname="tests.test_security_seo_only.TestProductSeoOnlyGuard" name="test_draft_denies_non_seo_field[barcode]" time="0.312" /><testcase classname="tests.test_security_seo_only.TestCollectionSeoOnlyGuard" name="test_collection_draft_denies[barcode]" time="0.293" /><testcase classname="tests.test_security_seo_only.TestCollectionSeoOnlyGuard" name="test_collection_draft_denies[vendor]" time="0.214" /><testcase classname="tests.test_security_seo_only.TestProductSeoOnlyGuard" name="test_draft_denies_non_seo_field[vendor]" time="0.275" /><testcase classname="tests.test_security_seo_only.TestCollectionSeoOnlyGuard" name="test_collection_draft_denies[status]" time="0.273" /><testcase classname="tests.test_security_seo_only.TestProductSeoOnlyGuard" name="test_draft_denies_non_seo_field[status]" time="0.291" /><testcase classname="tests.test_security_seo_only.TestCollectionSeoOnlyGuard" name="test_collection_draft_denies[variants]" time="0.285" /><testcase classname="tests.test_security_seo_only.TestProductSeoOnlyGuard" name="test_draft_denies_non_seo_field[variants]" time="0.266" /><testcase classname="tests.test_security_seo_only.TestCollectionSeoOnlyGuard" name="test_collection_draft_denies[price_mixed]" time="0.195" /><testcase classname="tests.test_security_seo_only.TestProductSeoOnlyGuard" name="test_draft_denies_non_seo_field[price_mixed]" time="0.297" /><testcase classname="tests.test_security_seo_only.TestCollectionSeoOnlyGuard" name="test_collection_publish_denies[price]" time="0.450" /><testcase classname="tests.test_security_seo_only.TestProductSeoOnlyGuard" name="test_publish_denies_non_seo_field[price]" time="0.263" /><testcase classname="tests.test_security_seo_only.TestProductSeoOnlyGuard" name="test_publish_denies_non_seo_field[inventory]" time="0.318" /><testcase classname="tests.test_security_seo_only.TestCollectionSeoOnlyGuard" name="test_collection_publish_denies[inventory]" time="0.574" /><testcase classname="tests.test_security_seo_only.TestProductSeoOnlyGuard" name="test_publish_denies_non_seo_field[sku]" time="0.282" /><testcase classname="tests.test_security_seo_only.TestCollectionSeoOnlyGuard" name="test_collection_publish_denies[sku]" time="0.348" /><testcase classname="tests.test_security_seo_only.TestProductSeoOnlyGuard" name="test_publish_denies_non_seo_field[product_title]" time="0.298" /><testcase classname="tests.test_security_seo_only.TestProductSeoOnlyGuard" name="test_publish_denies_non_seo_field[title]" time="0.388" /><testcase classname="tests.test_security_seo_only.TestCollectionSeoOnlyGuard" name="test_collection_publish_denies[product_title]" time="0.595" /><testcase classname="tests.test_security_seo_only.TestProductSeoOnlyGuard" name="test_publish_denies_non_seo_field[barcode]" time="0.674" /><testcase classname="tests.test_security_seo_only.TestCollectionSeoOnlyGuard" name="test_collection_publish_denies[title]" time="0.430" /><testcase classname="tests.test_security_seo_only.TestProductSeoOnlyGuard" name="test_publish_denies_non_seo_field[vendor]" time="0.324" /><testcase classname="tests.test_security_seo_only.TestCollectionSeoOnlyGuard" name="test_collection_publish_denies[barcode]" time="0.533" /><testcase classname="tests.test_security_seo_only.TestProductSeoOnlyGuard" name="test_publish_denies_non_seo_field[status]" time="0.262" /><testcase classname="tests.test_security_seo_only.TestProductSeoOnlyGuard" name="test_publish_denies_non_seo_field[variants]" time="0.627" /><testcase classname="tests.test_security_seo_only.TestCollectionSeoOnlyGuard" name="test_collection_publish_denies[vendor]" time="1.695" /><testcase classname="tests.test_security_seo_only.TestProductSeoOnlyGuard" name="test_publish_denies_non_seo_field[price_mixed]" time="0.307" /><testcase classname="tests.test_auth.TestAuth" name="test_login_success" time="0.383" /><testcase classname="tests.test_auth.TestAuth" name="test_login_invalid_password" time="0.446" /><testcase classname="tests.test_security_seo_only.TestCollectionSeoOnlyGuard" name="test_collection_publish_denies[status]" time="0.682" /><testcase classname="tests.test_auth.TestAuth" name="test_me_with_bearer" time="0.526" /><testcase classname="tests.test_auth.TestAuth" name="test_me_without_token" time="0.182" /><testcase classname="tests.test_security_seo_only.TestCollectionSeoOnlyGuard" name="test_collection_publish_denies[variants]" time="0.584" /><testcase classname="tests.test_auth.TestAuth" name="test_me_invalid_token" time="0.213" /><testcase classname="tests.test_auth.TestAuth" name="test_bcrypt_hash_format" time="1.258" /><testcase classname="tests.test_security_seo_only.TestCollectionSeoOnlyGuard" name="test_collection_publish_denies[price_mixed]" time="0.376" /><testcase classname="tests.test_auth.TestRBAC" name="test_register_requires_admin" time="0.166" /><testcase classname="tests.test_auth.TestRBAC" name="test_register_invalid_role" time="0.168" /><testcase classname="tests.test_auth.TestRBAC" name="test_viewer_cannot_publish_or_sync_or_edit" time="1.694" /><testcase classname="tests.test_security_seo_only.TestAllowlistUnit" name="test_assert_seo_only" time="0.002" /><testcase classname="tests.test_security_seo_only.TestAllowlistUnit" name="test_shopify_mutation_only_touches_seo" time="0.001" /><testcase classname="tests.test_auth.TestRBAC" name="test_seo_editor_cannot_sync_or_rollback_or_settings" time="1.014" /><testcase classname="tests.test_auth.TestRBAC" name="test_brute_force_lockout" time="0.669"><failure message="AssertionError: No lockout observed, codes=[401, 401, 401, 401, 401, 401, 401]&#10;assert 429 in [401, 401, 401, 401, 401, 401, ...]">tests/test_auth.py:111: in test_brute_force_lockout
    assert 429 in codes, f"No lockout observed, codes={codes}"
E   AssertionError: No lockout observed, codes=[401, 401, 401, 401, 401, 401, 401]
E   assert 429 in [401, 401, 401, 401, 401, 401, ...]</failure></testcase></testsuite></testsuites>