<?xml version="1.0" encoding="utf-8"?><testsuites name="pytest tests"><testsuite name="pytest" errors="0" failures="0" skipped="0" tests="3" time="7.075" timestamp="2026-08-24T14:21:46.288149+00:00" hostname="agent-env-f19f401a-8621-41d0-abc0-effdf09af51a"><testcase classname="tests.test_core_flows.TestSyncJobs" name="test_sync_creates_job_and_completes" time="3.000" /><testcase classname="tests.test_core_flows.TestSyncJobs" name="test_jobs_list_and_404" time="0.211" /><testcase classname="tests.test_core_flows.TestSyncJobs" name="test_sync_status" time="3.847" /></testsuite></testsuites>